0 info it worked if it ends with ok
1 verbose cli [ '/Applications/meanstack-3.0.2-0/nodejs/bin/.node.bin',
1 verbose cli   '/Applications/meanstack-3.0.2-0/nodejs/bin/npm',
1 verbose cli   'install' ]
2 info using npm@2.1.18
3 info using node@v0.12.2
4 error install Couldn't read dependencies
5 verbose stack Error: ENOENT, open '/Applications/meanstack-3.0.2-0/thcmCloud/package.json'
5 verbose stack     at Error (native)
6 verbose cwd /Applications/meanstack-3.0.2-0/thcmCloud
7 error Darwin 14.3.0
8 error argv "/Applications/meanstack-3.0.2-0/nodejs/bin/.node.bin" "/Applications/meanstack-3.0.2-0/nodejs/bin/npm" "install"
9 error node v0.12.2
10 error npm  v2.1.18
11 error path /Applications/meanstack-3.0.2-0/thcmCloud/package.json
12 error code ENOPACKAGEJSON
13 error errno -2
14 error package.json ENOENT, open '/Applications/meanstack-3.0.2-0/thcmCloud/package.json'
14 error package.json This is most likely not a problem with npm itself.
14 error package.json npm can't find a package.json file in your current directory.
15 verbose exit [ -2, true ]
